<?xml version="1.0" encoding="UTF-8"?>
<testng-results ignored="0" total="1" passed="1" failed="0" skipped="0">
  <reporter-output>
  </reporter-output>
  <suite started-at="2023-06-12T14:05:05 EET" name="Default suite" finished-at="2023-06-12T14:05:22 EET" duration-ms="16964">
    <groups>
    </groups>
    <test started-at="2023-06-12T14:05:05 EET" name="Default test" finished-at="2023-06-12T14:05:22 EET" duration-ms="16964">
      <class name="AutomationFinal">
        <test-method is-config="true" signature="mySetup()[pri:0, instance:AutomationFinal@5b239d7d]" started-at="2023-06-12T14:05:05 EET" name="mySetup" finished-at="2023-06-12T14:05:05 EET" duration-ms="22" status="PASS">
          <reporter-output>
          </reporter-output>
        </test-method> <!-- mySetup -->
        <test-method signature="myFirst()[pri:0, instance:AutomationFinal@5b239d7d]" started-at="2023-06-12T14:05:05 EET" name="myFirst" finished-at="2023-06-12T14:05:22 EET" duration-ms="16890" status="PASS">
          <reporter-output>
          </reporter-output>
        </test-method> <!-- myFirst -->
        <test-method is-config="true" signature="Finish()[pri:0, instance:AutomationFinal@5b239d7d]" started-at="2023-06-12T14:05:22 EET" name="Finish" finished-at="2023-06-12T14:05:22 EET" duration-ms="1" status="PASS">
          <reporter-output>
          </reporter-output>
        </test-method> <!-- Finish -->
      </class> <!-- AutomationFinal -->
    </test> <!-- Default test -->
  </suite> <!-- Default suite -->
</testng-results>
